<?xml version="1.0" encoding="UTF-8"?>
<testsuite xmlns:xsi="http://www.w3.org/2001/XMLSchema-instance" xsi:noNamespaceSchemaLocation="https://maven.apache.org/surefire/maven-surefire-plugin/xsd/surefire-test-report.xsd" name="TestSuite" time="3.178" tests="9" errors="0" skipped="8" failures="1">
  <properties>
    <property name="sun.desktop" value="windows"/>
    <property name="awt.toolkit" value="sun.awt.windows.WToolkit"/>
    <property name="file.encoding.pkg" value="sun.io"/>
    <property name="java.specification.version" value="1.8"/>
    <property name="sun.cpu.isalist" value="amd64"/>
    <property name="sun.jnu.encoding" value="Cp1252"/>
    <property name="java.class.path" value="C:\Users\Win7Prof\Documents\GitHub\shoestoremanheim\target\test-classes;C:\Users\Win7Prof\Documents\GitHub\shoestoremanheim\target\classes;C:\Users\Win7Prof\.m2\repository\org\seleniumhq\selenium\selenium-server\3.0.1\selenium-server-3.0.1.jar;C:\Users\Win7Prof\.m2\repository\org\seleniumhq\selenium\selenium-java\3.0.1\selenium-java-3.0.1.jar;C:\Users\Win7Prof\.m2\repository\org\seleniumhq\selenium\selenium-chrome-driver\3.0.1\selenium-chrome-driver-3.0.1.jar;C:\Users\Win7Prof\.m2\repository\org\seleniumhq\selenium\selenium-remote-driver\3.0.1\selenium-remote-driver-3.0.1.jar;C:\Users\Win7Prof\.m2\repository\org\seleniumhq\selenium\selenium-api\3.0.1\selenium-api-3.0.1.jar;C:\Users\Win7Prof\.m2\repository\cglib\cglib-nodep\3.2.4\cglib-nodep-3.2.4.jar;C:\Users\Win7Prof\.m2\repository\org\apache\commons\commons-exec\1.3\commons-exec-1.3.jar;C:\Users\Win7Prof\.m2\repository\com\google\code\gson\gson\2.3.1\gson-2.3.1.jar;C:\Users\Win7Prof\.m2\repository\com\google\guava\guava\19.0\guava-19.0.jar;C:\Users\Win7Prof\.m2\repository\net\java\dev\jna\jna-platform\4.1.0\jna-platform-4.1.0.jar;C:\Users\Win7Prof\.m2\repository\net\java\dev\jna\jna\4.1.0\jna-4.1.0.jar;C:\Users\Win7Prof\.m2\repository\org\seleniumhq\selenium\selenium-edge-driver\3.0.1\selenium-edge-driver-3.0.1.jar;C:\Users\Win7Prof\.m2\repository\org\seleniumhq\selenium\selenium-firefox-driver\3.0.1\selenium-firefox-driver-3.0.1.jar;C:\Users\Win7Prof\.m2\repository\org\seleniumhq\selenium\selenium-ie-driver\3.0.1\selenium-ie-driver-3.0.1.jar;C:\Users\Win7Prof\.m2\repository\org\seleniumhq\selenium\selenium-opera-driver\3.0.1\selenium-opera-driver-3.0.1.jar;C:\Users\Win7Prof\.m2\repository\org\seleniumhq\selenium\selenium-safari-driver\3.0.1\selenium-safari-driver-3.0.1.jar;C:\Users\Win7Prof\.m2\repository\io\netty\netty\3.5.7.Final\netty-3.5.7.Final.jar;C:\Users\Win7Prof\.m2\repository\org\seleniumhq\selenium\selenium-support\3.0.1\selenium-support-3.0.1.jar;C:\Users\Win7Prof\.m2\repository\net\sourceforge\htmlunit\htmlunit\2.23\htmlunit-2.23.jar;C:\Users\Win7Prof\.m2\repository\xalan\xalan\2.7.2\xalan-2.7.2.jar;C:\Users\Win7Prof\.m2\repository\xalan\serializer\2.7.2\serializer-2.7.2.jar;C:\Users\Win7Prof\.m2\repository\org\apache\commons\commons-lang3\3.4\commons-lang3-3.4.jar;C:\Users\Win7Prof\.m2\repository\org\apache\httpcomponents\httpmime\4.5.2\httpmime-4.5.2.jar;C:\Users\Win7Prof\.m2\repository\net\sourceforge\htmlunit\htmlunit-core-js\2.23\htmlunit-core-js-2.23.jar;C:\Users\Win7Prof\.m2\repository\net\sourceforge\htmlunit\neko-htmlunit\2.23\neko-htmlunit-2.23.jar;C:\Users\Win7Prof\.m2\repository\xerces\xercesImpl\2.11.0\xercesImpl-2.11.0.jar;C:\Users\Win7Prof\.m2\repository\xml-apis\xml-apis\1.4.01\xml-apis-1.4.01.jar;C:\Users\Win7Prof\.m2\repository\net\sourceforge\cssparser\cssparser\0.9.20\cssparser-0.9.20.jar;C:\Users\Win7Prof\.m2\repository\org\w3c\css\sac\1.3\sac-1.3.jar;C:\Users\Win7Prof\.m2\repository\commons-io\commons-io\2.5\commons-io-2.5.jar;C:\Users\Win7Prof\.m2\repository\com\codeborne\phantomjsdriver\1.3.0\phantomjsdriver-1.3.0.jar;C:\Users\Win7Prof\.m2\repository\org\eclipse\jetty\websocket\websocket-client\9.2.15.v20160210\websocket-client-9.2.15.v20160210.jar;C:\Users\Win7Prof\.m2\repository\org\eclipse\jetty\jetty-util\9.2.15.v20160210\jetty-util-9.2.15.v20160210.jar;C:\Users\Win7Prof\.m2\repository\org\eclipse\jetty\jetty-io\9.2.15.v20160210\jetty-io-9.2.15.v20160210.jar;C:\Users\Win7Prof\.m2\repository\org\eclipse\jetty\websocket\websocket-common\9.2.15.v20160210\websocket-common-9.2.15.v20160210.jar;C:\Users\Win7Prof\.m2\repository\org\eclipse\jetty\websocket\websocket-api\9.2.15.v20160210\websocket-api-9.2.15.v20160210.jar;C:\Users\Win7Prof\.m2\repository\com\beust\jcommander\1.48\jcommander-1.48.jar;C:\Users\Win7Prof\.m2\repository\net\jcip\jcip-annotations\1.0\jcip-annotations-1.0.jar;C:\Users\Win7Prof\.m2\repository\org\seleniumhq\selenium\jetty-repacked\9.2.13.v20160825\jetty-repacked-9.2.13.v20160825.jar;C:\Users\Win7Prof\.m2\repository\javax\servlet\javax.servlet-api\3.1.0\javax.servlet-api-3.1.0.jar;C:\Users\Win7Prof\.m2\repository\org\seleniumhq\selenium\htmlunit-driver\2.23\htmlunit-driver-2.23.jar;C:\Users\Win7Prof\.m2\repository\org\yaml\snakeyaml\1.15\snakeyaml-1.15.jar;C:\Users\Win7Prof\.m2\repository\org\slf4j\slf4j-log4j12\1.7.5\slf4j-log4j12-1.7.5.jar;C:\Users\Win7Prof\.m2\repository\org\slf4j\slf4j-api\1.7.5\slf4j-api-1.7.5.jar;C:\Users\Win7Prof\.m2\repository\log4j\log4j\1.2.17\log4j-1.2.17.jar;C:\Users\Win7Prof\.m2\repository\org\testng\testng\6.8\testng-6.8.jar;C:\Users\Win7Prof\.m2\repository\junit\junit\4.10\junit-4.10.jar;C:\Users\Win7Prof\.m2\repository\org\hamcrest\hamcrest-core\1.1\hamcrest-core-1.1.jar;C:\Users\Win7Prof\.m2\repository\org\beanshell\bsh\2.0b4\bsh-2.0b4.jar;C:\Users\Win7Prof\.m2\repository\com\saucelabs\saucerest\1.0.17\saucerest-1.0.17.jar;C:\Users\Win7Prof\.m2\repository\com\googlecode\json-simple\json-simple\1.1\json-simple-1.1.jar;C:\Users\Win7Prof\.m2\repository\org\apache\httpcomponents\httpclient\4.3.1\httpclient-4.3.1.jar;C:\Users\Win7Prof\.m2\repository\org\apache\httpcomponents\httpcore\4.3\httpcore-4.3.jar;C:\Users\Win7Prof\.m2\repository\commons-logging\commons-logging\1.1.3\commons-logging-1.1.3.jar;C:\Users\Win7Prof\.m2\repository\commons-codec\commons-codec\1.6\commons-codec-1.6.jar;C:\Users\Win7Prof\.m2\repository\org\json\json\20090211\json-20090211.jar;C:\Users\Win7Prof\.m2\repository\org\apache\maven\surefire\surefire-testng-utils\2.20.1\surefire-testng-utils-2.20.1.jar;C:\Users\Win7Prof\.m2\repository\org\apache\maven\surefire\surefire-grouper\2.20.1\surefire-grouper-2.20.1.jar;"/>
    <property name="java.vm.vendor" value="Oracle Corporation"/>
    <property name="sun.arch.data.model" value="64"/>
    <property name="user.variant" value=""/>
    <property name="java.vendor.url" value="http://java.oracle.com/"/>
    <property name="user.timezone" value=""/>
    <property name="java.vm.specification.version" value="1.8"/>
    <property name="os.name" value="Windows 7"/>
    <property name="user.country" value="US"/>
    <property name="sun.java.launcher" value="SUN_STANDARD"/>
    <property name="sun.boot.library.path" value="C:\Program Files\Java\jdk1.8.0_72\jre\bin"/>
    <property name="sun.java.command" value="C:\Users\Win7Prof\AppData\Local\Temp\surefire2986773457278395867\surefirebooter4540824736993443896.jar C:\Users\Win7Prof\AppData\Local\Temp\surefire2986773457278395867 2017-09-19T00-19-07_039-jvmRun1 surefire9115151650662532927tmp surefire_0506112871236598191tmp"/>
    <property name="surefire.test.class.path" value="C:\Users\Win7Prof\Documents\GitHub\shoestoremanheim\target\test-classes;C:\Users\Win7Prof\Documents\GitHub\shoestoremanheim\target\classes;C:\Users\Win7Prof\.m2\repository\org\seleniumhq\selenium\selenium-server\3.0.1\selenium-server-3.0.1.jar;C:\Users\Win7Prof\.m2\repository\org\seleniumhq\selenium\selenium-java\3.0.1\selenium-java-3.0.1.jar;C:\Users\Win7Prof\.m2\repository\org\seleniumhq\selenium\selenium-chrome-driver\3.0.1\selenium-chrome-driver-3.0.1.jar;C:\Users\Win7Prof\.m2\repository\org\seleniumhq\selenium\selenium-remote-driver\3.0.1\selenium-remote-driver-3.0.1.jar;C:\Users\Win7Prof\.m2\repository\org\seleniumhq\selenium\selenium-api\3.0.1\selenium-api-3.0.1.jar;C:\Users\Win7Prof\.m2\repository\cglib\cglib-nodep\3.2.4\cglib-nodep-3.2.4.jar;C:\Users\Win7Prof\.m2\repository\org\apache\commons\commons-exec\1.3\commons-exec-1.3.jar;C:\Users\Win7Prof\.m2\repository\com\google\code\gson\gson\2.3.1\gson-2.3.1.jar;C:\Users\Win7Prof\.m2\repository\com\google\guava\guava\19.0\guava-19.0.jar;C:\Users\Win7Prof\.m2\repository\net\java\dev\jna\jna-platform\4.1.0\jna-platform-4.1.0.jar;C:\Users\Win7Prof\.m2\repository\net\java\dev\jna\jna\4.1.0\jna-4.1.0.jar;C:\Users\Win7Prof\.m2\repository\org\seleniumhq\selenium\selenium-edge-driver\3.0.1\selenium-edge-driver-3.0.1.jar;C:\Users\Win7Prof\.m2\repository\org\seleniumhq\selenium\selenium-firefox-driver\3.0.1\selenium-firefox-driver-3.0.1.jar;C:\Users\Win7Prof\.m2\repository\org\seleniumhq\selenium\selenium-ie-driver\3.0.1\selenium-ie-driver-3.0.1.jar;C:\Users\Win7Prof\.m2\repository\org\seleniumhq\selenium\selenium-opera-driver\3.0.1\selenium-opera-driver-3.0.1.jar;C:\Users\Win7Prof\.m2\repository\org\seleniumhq\selenium\selenium-safari-driver\3.0.1\selenium-safari-driver-3.0.1.jar;C:\Users\Win7Prof\.m2\repository\io\netty\netty\3.5.7.Final\netty-3.5.7.Final.jar;C:\Users\Win7Prof\.m2\repository\org\seleniumhq\selenium\selenium-support\3.0.1\selenium-support-3.0.1.jar;C:\Users\Win7Prof\.m2\repository\net\sourceforge\htmlunit\htmlunit\2.23\htmlunit-2.23.jar;C:\Users\Win7Prof\.m2\repository\xalan\xalan\2.7.2\xalan-2.7.2.jar;C:\Users\Win7Prof\.m2\repository\xalan\serializer\2.7.2\serializer-2.7.2.jar;C:\Users\Win7Prof\.m2\repository\org\apache\commons\commons-lang3\3.4\commons-lang3-3.4.jar;C:\Users\Win7Prof\.m2\repository\org\apache\httpcomponents\httpmime\4.5.2\httpmime-4.5.2.jar;C:\Users\Win7Prof\.m2\repository\net\sourceforge\htmlunit\htmlunit-core-js\2.23\htmlunit-core-js-2.23.jar;C:\Users\Win7Prof\.m2\repository\net\sourceforge\htmlunit\neko-htmlunit\2.23\neko-htmlunit-2.23.jar;C:\Users\Win7Prof\.m2\repository\xerces\xercesImpl\2.11.0\xercesImpl-2.11.0.jar;C:\Users\Win7Prof\.m2\repository\xml-apis\xml-apis\1.4.01\xml-apis-1.4.01.jar;C:\Users\Win7Prof\.m2\repository\net\sourceforge\cssparser\cssparser\0.9.20\cssparser-0.9.20.jar;C:\Users\Win7Prof\.m2\repository\org\w3c\css\sac\1.3\sac-1.3.jar;C:\Users\Win7Prof\.m2\repository\commons-io\commons-io\2.5\commons-io-2.5.jar;C:\Users\Win7Prof\.m2\repository\com\codeborne\phantomjsdriver\1.3.0\phantomjsdriver-1.3.0.jar;C:\Users\Win7Prof\.m2\repository\org\eclipse\jetty\websocket\websocket-client\9.2.15.v20160210\websocket-client-9.2.15.v20160210.jar;C:\Users\Win7Prof\.m2\repository\org\eclipse\jetty\jetty-util\9.2.15.v20160210\jetty-util-9.2.15.v20160210.jar;C:\Users\Win7Prof\.m2\repository\org\eclipse\jetty\jetty-io\9.2.15.v20160210\jetty-io-9.2.15.v20160210.jar;C:\Users\Win7Prof\.m2\repository\org\eclipse\jetty\websocket\websocket-common\9.2.15.v20160210\websocket-common-9.2.15.v20160210.jar;C:\Users\Win7Prof\.m2\repository\org\eclipse\jetty\websocket\websocket-api\9.2.15.v20160210\websocket-api-9.2.15.v20160210.jar;C:\Users\Win7Prof\.m2\repository\com\beust\jcommander\1.48\jcommander-1.48.jar;C:\Users\Win7Prof\.m2\repository\net\jcip\jcip-annotations\1.0\jcip-annotations-1.0.jar;C:\Users\Win7Prof\.m2\repository\org\seleniumhq\selenium\jetty-repacked\9.2.13.v20160825\jetty-repacked-9.2.13.v20160825.jar;C:\Users\Win7Prof\.m2\repository\javax\servlet\javax.servlet-api\3.1.0\javax.servlet-api-3.1.0.jar;C:\Users\Win7Prof\.m2\repository\org\seleniumhq\selenium\htmlunit-driver\2.23\htmlunit-driver-2.23.jar;C:\Users\Win7Prof\.m2\repository\org\yaml\snakeyaml\1.15\snakeyaml-1.15.jar;C:\Users\Win7Prof\.m2\repository\org\slf4j\slf4j-log4j12\1.7.5\slf4j-log4j12-1.7.5.jar;C:\Users\Win7Prof\.m2\repository\org\slf4j\slf4j-api\1.7.5\slf4j-api-1.7.5.jar;C:\Users\Win7Prof\.m2\repository\log4j\log4j\1.2.17\log4j-1.2.17.jar;C:\Users\Win7Prof\.m2\repository\org\testng\testng\6.8\testng-6.8.jar;C:\Users\Win7Prof\.m2\repository\junit\junit\4.10\junit-4.10.jar;C:\Users\Win7Prof\.m2\repository\org\hamcrest\hamcrest-core\1.1\hamcrest-core-1.1.jar;C:\Users\Win7Prof\.m2\repository\org\beanshell\bsh\2.0b4\bsh-2.0b4.jar;C:\Users\Win7Prof\.m2\repository\com\saucelabs\saucerest\1.0.17\saucerest-1.0.17.jar;C:\Users\Win7Prof\.m2\repository\com\googlecode\json-simple\json-simple\1.1\json-simple-1.1.jar;C:\Users\Win7Prof\.m2\repository\org\apache\httpcomponents\httpclient\4.3.1\httpclient-4.3.1.jar;C:\Users\Win7Prof\.m2\repository\org\apache\httpcomponents\httpcore\4.3\httpcore-4.3.jar;C:\Users\Win7Prof\.m2\repository\commons-logging\commons-logging\1.1.3\commons-logging-1.1.3.jar;C:\Users\Win7Prof\.m2\repository\commons-codec\commons-codec\1.6\commons-codec-1.6.jar;C:\Users\Win7Prof\.m2\repository\org\json\json\20090211\json-20090211.jar;C:\Users\Win7Prof\.m2\repository\org\apache\maven\surefire\surefire-testng-utils\2.20.1\surefire-testng-utils-2.20.1.jar;C:\Users\Win7Prof\.m2\repository\org\apache\maven\surefire\surefire-grouper\2.20.1\surefire-grouper-2.20.1.jar;"/>
    <property name="sun.cpu.endian" value="little"/>
    <property name="user.home" value="C:\Users\Win7Prof"/>
    <property name="user.language" value="en"/>
    <property name="java.specification.vendor" value="Oracle Corporation"/>
    <property name="java.home" value="C:\Program Files\Java\jdk1.8.0_72\jre"/>
    <property name="basedir" value="C:\Users\Win7Prof\Documents\GitHub\shoestoremanheim"/>
    <property name="file.separator" value="\"/>
    <property name="line.separator" value="&#10;"/>
    <property name="java.vm.specification.vendor" value="Oracle Corporation"/>
    <property name="java.specification.name" value="Java Platform API Specification"/>
    <property name="java.awt.graphicsenv" value="sun.awt.Win32GraphicsEnvironment"/>
    <property name="surefire.real.class.path" value="C:\Users\Win7Prof\AppData\Local\Temp\surefire2986773457278395867\surefirebooter4540824736993443896.jar"/>
    <property name="sun.boot.class.path" value="C:\Program Files\Java\jdk1.8.0_72\jre\lib\resources.jar;C:\Program Files\Java\jdk1.8.0_72\jre\lib\rt.jar;C:\Program Files\Java\jdk1.8.0_72\jre\lib\sunrsasign.jar;C:\Program Files\Java\jdk1.8.0_72\jre\lib\jsse.jar;C:\Program Files\Java\jdk1.8.0_72\jre\lib\jce.jar;C:\Program Files\Java\jdk1.8.0_72\jre\lib\charsets.jar;C:\Program Files\Java\jdk1.8.0_72\jre\lib\jfr.jar;C:\Program Files\Java\jdk1.8.0_72\jre\classes"/>
    <property name="user.script" value=""/>
    <property name="sun.management.compiler" value="HotSpot 64-Bit Tiered Compilers"/>
    <property name="java.runtime.version" value="1.8.0_72-b15"/>
    <property name="user.name" value="Win7Prof"/>
    <property name="path.separator" value=";"/>
    <property name="os.version" value="6.1"/>
    <property name="java.endorsed.dirs" value="C:\Program Files\Java\jdk1.8.0_72\jre\lib\endorsed"/>
    <property name="java.runtime.name" value="Java(TM) SE Runtime Environment"/>
    <property name="file.encoding" value="Cp1252"/>
    <property name="java.vm.name" value="Java HotSpot(TM) 64-Bit Server VM"/>
    <property name="localRepository" value="C:\Users\Win7Prof\.m2\repository"/>
    <property name="java.vendor.url.bug" value="http://bugreport.sun.com/bugreport/"/>
    <property name="java.io.tmpdir" value="C:\Users\Win7Prof\AppData\Local\Temp\"/>
    <property name="java.version" value="1.8.0_72"/>
    <property name="user.dir" value="C:\Users\Win7Prof\Documents\GitHub\shoestoremanheim"/>
    <property name="os.arch" value="amd64"/>
    <property name="java.vm.specification.name" value="Java Virtual Machine Specification"/>
    <property name="java.awt.printerjob" value="sun.awt.windows.WPrinterJob"/>
    <property name="sun.os.patch.level" value="Service Pack 1"/>
    <property name="java.library.path" value="C:\Program Files\Java\jdk1.8.0_72\jre\bin;C:\Windows\Sun\Java\bin;C:\Windows\system32;C:\Windows;F:\Oracle\app\oracle\product\11.2.0\server\bin;C:\ProgramData\Oracle\Java\javapath;C:\Windows\system32;C:\Windows;C:\Windows\System32\Wbem;C:\Windows\System32\WindowsPowerShell\v1.0\;C:\Program Files\Intel\WiFi\bin\;C:\Program Files\Common Files\Intel\WirelessCommon\;C:\Program Files (x86)\Intel\OpenCL SDK\2.0\bin\x86;C:\Program Files (x86)\Intel\OpenCL SDK\2.0\bin\x64;F:\Program Files (x86)\apache-maven-3.3.9\bin;C:\Program Files (x86)\Skype\Phone\;C:\Program Files\nodejs\;C:\Program Files\Intel\WiFi\bin\;C:\Program Files\Common Files\Intel\WirelessCommon\;C:\Users\Win7Prof\AppData\Roaming\npm;."/>
    <property name="java.vm.info" value="mixed mode"/>
    <property name="java.vendor" value="Oracle Corporation"/>
    <property name="java.vm.version" value="25.72-b15"/>
    <property name="java.ext.dirs" value="C:\Program Files\Java\jdk1.8.0_72\jre\lib\ext;C:\Windows\Sun\Java\lib\ext"/>
    <property name="sun.io.unicode.encoding" value="UnicodeLittle"/>
    <property name="java.class.version" value="52.0"/>
  </properties>
  <testcase name="setUp" classname="tests.HomeTests" time="3.074">
    <failure type="java.lang.NullPointerException">java.lang.NullPointerException
	at tests.HomeTests.setUp(HomeTests.java:25)
</failure>
    <system-out><![CDATA[09-19 00:19:08.221 INFO  BaseTests:73 - Setting WebDriver to: C:\Users\Win7Prof\Documents\GitHub\shoestoremanheim/drivers/chromedriver_win32.exe
09-19 00:19:10.861 INFO  BaseObjects:79 - Getting page: http://shoestore-manheim.rhcloud.com/
]]></system-out>
    <system-err><![CDATA[Starting ChromeDriver 2.27.440174 (e97a722caafc2d3a8b807ee115bfb307f7d2cfd9) on port 42578
Only local connections are allowed.
Sep 19, 2017 12:19:09 AM org.openqa.selenium.remote.ProtocolHandshake createSession
INFO: Attempting bi-dialect session, assuming Postel's Law holds true on the remote end
Sep 19, 2017 12:19:10 AM org.openqa.selenium.remote.ProtocolHandshake createSession
INFO: Detected dialect: OSS
]]></system-err>
  </testcase>
  <testcase name="setUp" classname="tests.HomeTests" time="0">
    <skipped/>
  </testcase>
  <testcase name="TC_0201_verifyInvalidEmailAddress" classname="tests.HomeTests" time="0">
    <skipped/>
  </testcase>
  <testcase name="TC_0201_verifyValidEmailAddress" classname="tests.HomeTests" time="0">
    <skipped/>
  </testcase>
  <testcase name="TC_0101_shoeListIsPopulatingSuccessfully" classname="tests.JanuaryTests" time="0">
    <skipped/>
  </testcase>
  <testcase name="TC_0102_imageForShoeListPopulatingSuccessfully" classname="tests.JanuaryTests" time="0">
    <skipped/>
  </testcase>
  <testcase name="TC_0103_blurbForShoeListDisplayedSuccessfully" classname="tests.JanuaryTests" time="0">
    <skipped/>
  </testcase>
  <testcase name="TC_0104_priceForShoeListDisplayedSuccessfully" classname="tests.JanuaryTests" time="0">
    <skipped/>
  </testcase>
  <testcase name="teardown" classname="tests.JanuaryTests" time="0">
    <skipped/>
  </testcase>
</testsuite>